TN:
SF:C:/Users/Bohdan_Popovych/Desktop/tour-of-heroes-unit-testing-master/src/polyfills.ts
FNF:0
FNH:0
DA:46,1
DA:73,1
LF:2
LH:2
BRF:0
BRH:0
end_of_record
TN:
SF:C:/Users/Bohdan_Popovych/Desktop/tour-of-heroes-unit-testing-master/src/test.ts
FNF:0
FNH:0
DA:3,1
DA:4,1
DA:5,1
DA:13,1
DA:18,1
DA:20,1
LF:6
LH:6
BRF:0
BRH:0
end_of_record
TN:
SF:C:/Users/Bohdan_Popovych/Desktop/tour-of-heroes-unit-testing-master/src/app/message.service.ts
FN:4,(anonymous_1)
FN:3,MessageService
FN:7,(anonymous_3)
FN:11,(anonymous_4)
FNF:4
FNH:4
FNDA:1,(anonymous_1)
FNDA:23,MessageService
FNDA:17,(anonymous_3)
FNDA:1,(anonymous_4)
DA:1,1
DA:4,1
DA:5,23
DA:7,1
DA:8,17
DA:11,1
DA:12,1
DA:14,1
LF:8
LH:8
BRF:0
BRH:0
end_of_record
TN:
SF:C:/Users/Bohdan_Popovych/Desktop/tour-of-heroes-unit-testing-master/src/app/mock-notes.ts
FNF:0
FNH:0
DA:3,1
LF:1
LH:1
BRF:0
BRH:0
end_of_record
TN:
SF:C:/Users/Bohdan_Popovych/Desktop/tour-of-heroes-unit-testing-master/src/app/note.service.ts
FN:15,(anonymous_2)
FN:19,NoteService
FN:24,(anonymous_4)
FN:27,(anonymous_5)
FN:33,(anonymous_6)
FN:37,(anonymous_7)
FN:38,(anonymous_8)
FN:47,(anonymous_9)
FN:50,(anonymous_10)
FN:56,(anonymous_11)
FN:62,(anonymous_12)
FN:70,(anonymous_13)
FN:72,(anonymous_14)
FN:78,(anonymous_15)
FN:83,(anonymous_16)
FN:89,(anonymous_17)
FN:91,(anonymous_18)
FN:102,(anonymous_19)
FN:103,(anonymous_20)
FN:117,(anonymous_21)
FNF:20
FNH:20
FNDA:1,(anonymous_2)
FNDA:21,NoteService
FNDA:3,(anonymous_4)
FNDA:1,(anonymous_5)
FNDA:3,(anonymous_6)
FNDA:2,(anonymous_7)
FNDA:2,(anonymous_8)
FNDA:3,(anonymous_9)
FNDA:1,(anonymous_10)
FNDA:4,(anonymous_11)
FNDA:2,(anonymous_12)
FNDA:2,(anonymous_13)
FNDA:1,(anonymous_14)
FNDA:2,(anonymous_15)
FNDA:2,(anonymous_16)
FNDA:2,(anonymous_17)
FNDA:1,(anonymous_18)
FNDA:18,(anonymous_19)
FNDA:7,(anonymous_20)
FNDA:17,(anonymous_21)
DA:1,1
DA:2,1
DA:4,1
DA:5,1
DA:8,1
DA:10,1
DA:15,1
DA:17,21
DA:20,21
DA:21,21
DA:24,3
DA:25,3
DA:27,1
DA:33,3
DA:34,3
DA:35,3
DA:37,2
DA:39,2
DA:40,2
DA:47,3
DA:48,3
DA:49,3
DA:50,1
DA:56,4
DA:57,4
DA:59,1
DA:61,3
DA:62,2
DA:70,2
DA:71,2
DA:72,1
DA:78,2
DA:79,2
DA:80,2
DA:82,2
DA:83,2
DA:89,2
DA:90,2
DA:91,1
DA:102,18
DA:103,18
DA:106,7
DA:109,7
DA:112,7
DA:117,1
DA:118,17
DA:120,1
LF:47
LH:47
BRDA:39,0,0,1
BRDA:39,0,1,1
BRDA:57,1,0,1
BRDA:57,1,1,3
BRDA:79,2,0,1
BRDA:79,2,1,1
BRF:6
BRH:6
end_of_record
TN:
SF:C:/Users/Bohdan_Popovych/Desktop/tour-of-heroes-unit-testing-master/src/app/archive/archive.component.ts
FN:11,(anonymous_2)
FN:14,ArchiveComponent
FN:16,(anonymous_4)
FN:20,(anonymous_5)
FN:22,(anonymous_6)
FN:25,(anonymous_7)
FN:29,(anonymous_8)
FN:34,(anonymous_9)
FN:35,(anonymous_10)
FN:39,(anonymous_11)
FNF:10
FNH:4
FNDA:1,(anonymous_2)
FNDA:1,ArchiveComponent
FNDA:1,(anonymous_4)
FNDA:1,(anonymous_5)
FNDA:0,(anonymous_6)
FNDA:0,(anonymous_7)
FNDA:0,(anonymous_8)
FNDA:0,(anonymous_9)
FNDA:0,(anonymous_10)
FNDA:0,(anonymous_11)
DA:1,1
DA:4,1
DA:11,1
DA:14,1
DA:16,1
DA:17,1
DA:20,1
DA:21,1
DA:22,0
DA:25,1
DA:26,0
DA:27,0
DA:28,0
DA:30,0
DA:34,1
DA:35,0
DA:36,0
DA:39,1
DA:40,0
DA:42,0
DA:43,0
DA:46,1
LF:22
LH:12
BRDA:27,0,0,0
BRDA:27,0,1,0
BRF:2
BRH:0
end_of_record
TN:
SF:C:/Users/Bohdan_Popovych/Desktop/tour-of-heroes-unit-testing-master/src/app/dashboard/dashboard.component.ts
FN:10,(anonymous_2)
FN:13,DashboardComponent
FN:15,(anonymous_4)
FN:19,(anonymous_5)
FN:21,(anonymous_6)
FN:21,(anonymous_7)
FN:24,(anonymous_8)
FN:30,(anonymous_9)
FN:37,(anonymous_10)
FN:41,(anonymous_11)
FNF:10
FNH:6
FNDA:1,(anonymous_2)
FNDA:4,DashboardComponent
FNDA:4,(anonymous_4)
FNDA:4,(anonymous_5)
FNDA:4,(anonymous_6)
FNDA:36,(anonymous_7)
FNDA:0,(anonymous_8)
FNDA:0,(anonymous_9)
FNDA:0,(anonymous_10)
FNDA:0,(anonymous_11)
DA:1,1
DA:3,1
DA:10,1
DA:11,4
DA:13,4
DA:15,1
DA:16,4
DA:19,4
DA:20,4
DA:21,36
DA:24,1
DA:25,0
DA:27,0
DA:30,1
DA:31,0
DA:33,0
DA:34,0
DA:37,1
DA:38,0
DA:39,0
DA:40,0
DA:42,0
DA:45,1
LF:23
LH:14
BRDA:39,0,0,0
BRDA:39,0,1,0
BRF:2
BRH:0
end_of_record
TN:
SF:C:/Users/Bohdan_Popovych/Desktop/tour-of-heroes-unit-testing-master/src/app/messages/messages.component.ts
FN:9,(anonymous_2)
FN:11,MessagesComponent
FN:13,(anonymous_4)
FNF:3
FNH:3
FNDA:1,(anonymous_2)
FNDA:1,MessagesComponent
FNDA:1,(anonymous_4)
DA:1,1
DA:2,1
DA:9,1
DA:11,1
DA:13,1
DA:16,1
LF:6
LH:6
BRF:0
BRH:0
end_of_record
TN:
SF:C:/Users/Bohdan_Popovych/Desktop/tour-of-heroes-unit-testing-master/src/app/note-search/note-search.component.ts
FN:17,(anonymous_2)
FN:21,NoteSearchComponent
FN:24,(anonymous_4)
FN:28,(anonymous_5)
FN:37,(anonymous_6)
FNF:5
FNH:3
FNDA:1,(anonymous_2)
FNDA:5,NoteSearchComponent
FNDA:0,(anonymous_4)
FNDA:5,(anonymous_5)
FNDA:0,(anonymous_6)
DA:1,1
DA:3,1
DA:5,1
DA:10,1
DA:17,1
DA:19,5
DA:21,5
DA:24,1
DA:25,0
DA:28,5
DA:29,5
DA:37,0
DA:40,1
LF:13
LH:11
BRF:0
BRH:0
end_of_record
